running egg_info
writing build/office_robot_pkg/office_robot_pkg.egg-info/PKG-INFO
writing dependency_links to build/office_robot_pkg/office_robot_pkg.egg-info/dependency_links.txt
writing entry points to build/office_robot_pkg/office_robot_pkg.egg-info/entry_points.txt
writing requirements to build/office_robot_pkg/office_robot_pkg.egg-info/requires.txt
writing top-level names to build/office_robot_pkg/office_robot_pkg.egg-info/top_level.txt
reading manifest file 'build/office_robot_pkg/office_robot_pkg.egg-info/SOURCES.txt'
writing manifest file 'build/office_robot_pkg/office_robot_pkg.egg-info/SOURCES.txt'
running build
running build_py
running install
running install_lib
running install_data
running install_egg_info
removing '/home/sam/tut/MIND6003/office_robot_pkg/install/office_robot_pkg/lib/python3.10/site-packages/office_robot_pkg-0.0.0-py3.10.egg-info' (and everything under it)
Copying build/office_robot_pkg/office_robot_pkg.egg-info to /home/sam/tut/MIND6003/office_robot_pkg/install/office_robot_pkg/lib/python3.10/site-packages/office_robot_pkg-0.0.0-py3.10.egg-info
running install_scripts
Installing error_calculator script to /home/sam/tut/MIND6003/office_robot_pkg/install/office_robot_pkg/lib/office_robot_pkg
Installing point_cloud_processor script to /home/sam/tut/MIND6003/office_robot_pkg/install/office_robot_pkg/lib/office_robot_pkg
Installing relocal script to /home/sam/tut/MIND6003/office_robot_pkg/install/office_robot_pkg/lib/office_robot_pkg
Installing robot_controller script to /home/sam/tut/MIND6003/office_robot_pkg/install/office_robot_pkg/lib/office_robot_pkg
Installing spawn_demo script to /home/sam/tut/MIND6003/office_robot_pkg/install/office_robot_pkg/lib/office_robot_pkg
writing list of installed files to '/home/sam/tut/MIND6003/office_robot_pkg/build/office_robot_pkg/install.log'
