[0.560s] Invoking command in '/home/sam/tut/MIND6003/office_robot_pkg': PYTHONPATH=/home/sam/tut/MIND6003/build/office_robot_pkg/prefix_override:/home/sam/tut/MIND6003/install/office_robot_pkg/lib/python3.10/site-packages:${PYTHONPATH} /usr/bin/python3 -W ignore:setup.py install is deprecated setup.py egg_info --egg-base ../build/office_robot_pkg build --build-base /home/sam/tut/MIND6003/build/office_robot_pkg/build install --record /home/sam/tut/MIND6003/build/office_robot_pkg/install.log --install-scripts $base/lib/office_robot_pkg --single-version-externally-managed install_data
[0.767s] /usr/lib/python3/dist-packages/setuptools/dist.py:723: UserWarning: Usage of dash-separated 'script-dir' will not be supported in future versions. Please use the underscore name 'script_dir' instead
[0.767s]   warnings.warn(
[0.773s] running egg_info
[0.773s] writing ../build/office_robot_pkg/office_robot_pkg.egg-info/PKG-INFO
[0.773s] writing dependency_links to ../build/office_robot_pkg/office_robot_pkg.egg-info/dependency_links.txt
[0.773s] writing entry points to ../build/office_robot_pkg/office_robot_pkg.egg-info/entry_points.txt
[0.774s] writing requirements to ../build/office_robot_pkg/office_robot_pkg.egg-info/requires.txt
[0.774s] writing top-level names to ../build/office_robot_pkg/office_robot_pkg.egg-info/top_level.txt
[0.775s] reading manifest file '../build/office_robot_pkg/office_robot_pkg.egg-info/SOURCES.txt'
[0.776s] writing manifest file '../build/office_robot_pkg/office_robot_pkg.egg-info/SOURCES.txt'
[0.776s] running build
[0.776s] running build_py
[0.777s] copying office_robot_pkg/point_cloud_processor.py -> /home/sam/tut/MIND6003/build/office_robot_pkg/build/lib/office_robot_pkg
[0.777s] running install
[0.777s] running install_lib
[0.778s] copying /home/sam/tut/MIND6003/build/office_robot_pkg/build/lib/office_robot_pkg/point_cloud_processor.py -> /home/sam/tut/MIND6003/install/office_robot_pkg/lib/python3.10/site-packages/office_robot_pkg
[0.779s] byte-compiling /home/sam/tut/MIND6003/install/office_robot_pkg/lib/python3.10/site-packages/office_robot_pkg/point_cloud_processor.py to point_cloud_processor.cpython-310.pyc
[0.780s] running install_data
[0.780s] running install_egg_info
[0.781s] removing '/home/sam/tut/MIND6003/install/office_robot_pkg/lib/python3.10/site-packages/office_robot_pkg-0.0.0-py3.10.egg-info' (and everything under it)
[0.781s] Copying ../build/office_robot_pkg/office_robot_pkg.egg-info to /home/sam/tut/MIND6003/install/office_robot_pkg/lib/python3.10/site-packages/office_robot_pkg-0.0.0-py3.10.egg-info
[0.782s] running install_scripts
[0.798s] Installing det_diff script to /home/sam/tut/MIND6003/install/office_robot_pkg/lib/office_robot_pkg
[0.798s] Installing error_calculator script to /home/sam/tut/MIND6003/install/office_robot_pkg/lib/office_robot_pkg
[0.798s] Installing filter_pc script to /home/sam/tut/MIND6003/install/office_robot_pkg/lib/office_robot_pkg
[0.798s] Installing map_updater script to /home/sam/tut/MIND6003/install/office_robot_pkg/lib/office_robot_pkg
[0.798s] Installing point_cloud_processor script to /home/sam/tut/MIND6003/install/office_robot_pkg/lib/office_robot_pkg
[0.798s] Installing relocal script to /home/sam/tut/MIND6003/install/office_robot_pkg/lib/office_robot_pkg
[0.798s] Installing robot_controller script to /home/sam/tut/MIND6003/install/office_robot_pkg/lib/office_robot_pkg
[0.799s] Installing saver script to /home/sam/tut/MIND6003/install/office_robot_pkg/lib/office_robot_pkg
[0.799s] Installing spawn_demo script to /home/sam/tut/MIND6003/install/office_robot_pkg/lib/office_robot_pkg
[0.799s] writing list of installed files to '/home/sam/tut/MIND6003/build/office_robot_pkg/install.log'
[0.815s] Invoked command in '/home/sam/tut/MIND6003/office_robot_pkg' returned '0': PYTHONPATH=/home/sam/tut/MIND6003/build/office_robot_pkg/prefix_override:/home/sam/tut/MIND6003/install/office_robot_pkg/lib/python3.10/site-packages:${PYTHONPATH} /usr/bin/python3 -W ignore:setup.py install is deprecated setup.py egg_info --egg-base ../build/office_robot_pkg build --build-base /home/sam/tut/MIND6003/build/office_robot_pkg/build install --record /home/sam/tut/MIND6003/build/office_robot_pkg/install.log --install-scripts $base/lib/office_robot_pkg --single-version-externally-managed install_data
