/home/sam/tut/MIND6003/office_robot_pkg/install/office_robot_pkg/lib/python3.10/site-packages/office_robot_pkg/error_calculator.py
/home/sam/tut/MIND6003/office_robot_pkg/install/office_robot_pkg/lib/python3.10/site-packages/office_robot_pkg/relocal_old.py
/home/sam/tut/MIND6003/office_robot_pkg/install/office_robot_pkg/lib/python3.10/site-packages/office_robot_pkg/__init__.py
/home/sam/tut/MIND6003/office_robot_pkg/install/office_robot_pkg/lib/python3.10/site-packages/office_robot_pkg/relocal_old2.py
/home/sam/tut/MIND6003/office_robot_pkg/install/office_robot_pkg/lib/python3.10/site-packages/office_robot_pkg/relocal.py
/home/sam/tut/MIND6003/office_robot_pkg/install/office_robot_pkg/lib/python3.10/site-packages/office_robot_pkg/spawn_demo.py
/home/sam/tut/MIND6003/office_robot_pkg/install/office_robot_pkg/lib/python3.10/site-packages/office_robot_pkg/robot_controller.py
/home/sam/tut/MIND6003/office_robot_pkg/install/office_robot_pkg/lib/python3.10/site-packages/office_robot_pkg/point_cloud_processor.py
/home/sam/tut/MIND6003/office_robot_pkg/install/office_robot_pkg/lib/python3.10/site-packages/office_robot_pkg/__pycache__/error_calculator.cpython-310.pyc
/home/sam/tut/MIND6003/office_robot_pkg/install/office_robot_pkg/lib/python3.10/site-packages/office_robot_pkg/__pycache__/relocal_old.cpython-310.pyc
/home/sam/tut/MIND6003/office_robot_pkg/install/office_robot_pkg/lib/python3.10/site-packages/office_robot_pkg/__pycache__/__init__.cpython-310.pyc
/home/sam/tut/MIND6003/office_robot_pkg/install/office_robot_pkg/lib/python3.10/site-packages/office_robot_pkg/__pycache__/relocal_old2.cpython-310.pyc
/home/sam/tut/MIND6003/office_robot_pkg/install/office_robot_pkg/lib/python3.10/site-packages/office_robot_pkg/__pycache__/relocal.cpython-310.pyc
/home/sam/tut/MIND6003/office_robot_pkg/install/office_robot_pkg/lib/python3.10/site-packages/office_robot_pkg/__pycache__/spawn_demo.cpython-310.pyc
/home/sam/tut/MIND6003/office_robot_pkg/install/office_robot_pkg/lib/python3.10/site-packages/office_robot_pkg/__pycache__/robot_controller.cpython-310.pyc
/home/sam/tut/MIND6003/office_robot_pkg/install/office_robot_pkg/lib/python3.10/site-packages/office_robot_pkg/__pycache__/point_cloud_processor.cpython-310.pyc
/home/sam/tut/MIND6003/office_robot_pkg/install/office_robot_pkg/share/office_robot_pkg/launch/gazebo_world.launch.py
/home/sam/tut/MIND6003/office_robot_pkg/install/office_robot_pkg/share/office_robot_pkg/worlds/office.world
/home/sam/tut/MIND6003/office_robot_pkg/install/office_robot_pkg/share/office_robot_pkg/models/new_robot/model.sdf
/home/sam/tut/MIND6003/office_robot_pkg/install/office_robot_pkg/share/office_robot_pkg/models/new_robot/model.config
/home/sam/tut/MIND6003/office_robot_pkg/install/office_robot_pkg/share/office_robot_pkg/models/office.world
/home/sam/tut/MIND6003/office_robot_pkg/install/office_robot_pkg/share/office_robot_pkg/point_cloud/original_pcds/compile_map.pcd
/home/sam/tut/MIND6003/office_robot_pkg/install/office_robot_pkg/share/office_robot_pkg/point_cloud/original_pcds/compile_map_final.pcd
/home/sam/tut/MIND6003/office_robot_pkg/install/office_robot_pkg/lib/python3.10/site-packages/office_robot_pkg-0.0.0-py3.10.egg-info/requires.txt
/home/sam/tut/MIND6003/office_robot_pkg/install/office_robot_pkg/lib/python3.10/site-packages/office_robot_pkg-0.0.0-py3.10.egg-info/PKG-INFO
/home/sam/tut/MIND6003/office_robot_pkg/install/office_robot_pkg/lib/python3.10/site-packages/office_robot_pkg-0.0.0-py3.10.egg-info/zip-safe
/home/sam/tut/MIND6003/office_robot_pkg/install/office_robot_pkg/lib/python3.10/site-packages/office_robot_pkg-0.0.0-py3.10.egg-info/SOURCES.txt
/home/sam/tut/MIND6003/office_robot_pkg/install/office_robot_pkg/lib/python3.10/site-packages/office_robot_pkg-0.0.0-py3.10.egg-info/dependency_links.txt
/home/sam/tut/MIND6003/office_robot_pkg/install/office_robot_pkg/lib/python3.10/site-packages/office_robot_pkg-0.0.0-py3.10.egg-info/top_level.txt
/home/sam/tut/MIND6003/office_robot_pkg/install/office_robot_pkg/lib/python3.10/site-packages/office_robot_pkg-0.0.0-py3.10.egg-info/entry_points.txt
/home/sam/tut/MIND6003/office_robot_pkg/install/office_robot_pkg/lib/office_robot_pkg/error_calculator
/home/sam/tut/MIND6003/office_robot_pkg/install/office_robot_pkg/lib/office_robot_pkg/point_cloud_processor
/home/sam/tut/MIND6003/office_robot_pkg/install/office_robot_pkg/lib/office_robot_pkg/relocal
/home/sam/tut/MIND6003/office_robot_pkg/install/office_robot_pkg/lib/office_robot_pkg/robot_controller
/home/sam/tut/MIND6003/office_robot_pkg/install/office_robot_pkg/lib/office_robot_pkg/spawn_demo
