[0.446s] Invoking command in '/home/sam/tut/MIND6003/office_robot_pkg': PYTHONPATH=/home/sam/tut/MIND6003/build/office_robot_pkg/prefix_override:/home/sam/tut/MIND6003/install/office_robot_pkg/lib/python3.10/site-packages: /usr/bin/python3 -W ignore:setup.py install is deprecated setup.py egg_info --egg-base ../build/office_robot_pkg build --build-base /home/sam/tut/MIND6003/build/office_robot_pkg/build install --record /home/sam/tut/MIND6003/build/office_robot_pkg/install.log --install-scripts $base/lib/office_robot_pkg --single-version-externally-managed install_data
[0.606s] /usr/lib/python3/dist-packages/setuptools/dist.py:723: UserWarning: Usage of dash-separated 'script-dir' will not be supported in future versions. Please use the underscore name 'script_dir' instead
[0.606s]   warnings.warn(
[0.611s] running egg_info
[0.612s] writing ../build/office_robot_pkg/office_robot_pkg.egg-info/PKG-INFO
[0.612s] writing dependency_links to ../build/office_robot_pkg/office_robot_pkg.egg-info/dependency_links.txt
[0.612s] writing entry points to ../build/office_robot_pkg/office_robot_pkg.egg-info/entry_points.txt
[0.612s] writing requirements to ../build/office_robot_pkg/office_robot_pkg.egg-info/requires.txt
[0.612s] writing top-level names to ../build/office_robot_pkg/office_robot_pkg.egg-info/top_level.txt
[0.614s] reading manifest file '../build/office_robot_pkg/office_robot_pkg.egg-info/SOURCES.txt'
[0.614s] writing manifest file '../build/office_robot_pkg/office_robot_pkg.egg-info/SOURCES.txt'
[0.614s] running build
[0.615s] running build_py
[0.615s] copying office_robot_pkg/settings.py -> /home/sam/tut/MIND6003/build/office_robot_pkg/build/lib/office_robot_pkg
[0.615s] copying office_robot_pkg/video_capture.py -> /home/sam/tut/MIND6003/build/office_robot_pkg/build/lib/office_robot_pkg
[0.615s] copying office_robot_pkg/video.py -> /home/sam/tut/MIND6003/build/office_robot_pkg/build/lib/office_robot_pkg
[0.616s] running install
[0.616s] running install_lib
[0.616s] copying /home/sam/tut/MIND6003/build/office_robot_pkg/build/lib/office_robot_pkg/settings.py -> /home/sam/tut/MIND6003/install/office_robot_pkg/lib/python3.10/site-packages/office_robot_pkg
[0.617s] copying /home/sam/tut/MIND6003/build/office_robot_pkg/build/lib/office_robot_pkg/video_capture.py -> /home/sam/tut/MIND6003/install/office_robot_pkg/lib/python3.10/site-packages/office_robot_pkg
[0.617s] copying /home/sam/tut/MIND6003/build/office_robot_pkg/build/lib/office_robot_pkg/video.py -> /home/sam/tut/MIND6003/install/office_robot_pkg/lib/python3.10/site-packages/office_robot_pkg
[0.617s] byte-compiling /home/sam/tut/MIND6003/install/office_robot_pkg/lib/python3.10/site-packages/office_robot_pkg/settings.py to settings.cpython-310.pyc
[0.620s] byte-compiling /home/sam/tut/MIND6003/install/office_robot_pkg/lib/python3.10/site-packages/office_robot_pkg/video_capture.py to video_capture.cpython-310.pyc
[0.620s] byte-compiling /home/sam/tut/MIND6003/install/office_robot_pkg/lib/python3.10/site-packages/office_robot_pkg/video.py to video.cpython-310.pyc
[0.621s] running install_data
[0.621s] copying launch/gazebo_world.launch.py -> /home/sam/tut/MIND6003/install/office_robot_pkg/share/office_robot_pkg/launch
[0.621s] running install_egg_info
[0.622s] removing '/home/sam/tut/MIND6003/install/office_robot_pkg/lib/python3.10/site-packages/office_robot_pkg-0.0.0-py3.10.egg-info' (and everything under it)
[0.623s] Copying ../build/office_robot_pkg/office_robot_pkg.egg-info to /home/sam/tut/MIND6003/install/office_robot_pkg/lib/python3.10/site-packages/office_robot_pkg-0.0.0-py3.10.egg-info
[0.624s] running install_scripts
[0.638s] Installing det_diff script to /home/sam/tut/MIND6003/install/office_robot_pkg/lib/office_robot_pkg
[0.638s] Installing error_calculator script to /home/sam/tut/MIND6003/install/office_robot_pkg/lib/office_robot_pkg
[0.638s] Installing filter_pc script to /home/sam/tut/MIND6003/install/office_robot_pkg/lib/office_robot_pkg
[0.638s] Installing map_updater script to /home/sam/tut/MIND6003/install/office_robot_pkg/lib/office_robot_pkg
[0.638s] Installing point_cloud_processor script to /home/sam/tut/MIND6003/install/office_robot_pkg/lib/office_robot_pkg
[0.639s] Installing relocal script to /home/sam/tut/MIND6003/install/office_robot_pkg/lib/office_robot_pkg
[0.639s] Installing robot_controller script to /home/sam/tut/MIND6003/install/office_robot_pkg/lib/office_robot_pkg
[0.639s] Installing saver script to /home/sam/tut/MIND6003/install/office_robot_pkg/lib/office_robot_pkg
[0.639s] Installing settings script to /home/sam/tut/MIND6003/install/office_robot_pkg/lib/office_robot_pkg
[0.639s] Installing spawn_demo script to /home/sam/tut/MIND6003/install/office_robot_pkg/lib/office_robot_pkg
[0.639s] Installing video_capture script to /home/sam/tut/MIND6003/install/office_robot_pkg/lib/office_robot_pkg
[0.639s] writing list of installed files to '/home/sam/tut/MIND6003/build/office_robot_pkg/install.log'
[0.654s] Invoked command in '/home/sam/tut/MIND6003/office_robot_pkg' returned '0': PYTHONPATH=/home/sam/tut/MIND6003/build/office_robot_pkg/prefix_override:/home/sam/tut/MIND6003/install/office_robot_pkg/lib/python3.10/site-packages: /usr/bin/python3 -W ignore:setup.py install is deprecated setup.py egg_info --egg-base ../build/office_robot_pkg build --build-base /home/sam/tut/MIND6003/build/office_robot_pkg/build install --record /home/sam/tut/MIND6003/build/office_robot_pkg/install.log --install-scripts $base/lib/office_robot_pkg --single-version-externally-managed install_data
