/home/sam/tut/MIND6003/install/office_robot_pkg/lib/python3.10/site-packages/office_robot_pkg/updating_map.py
/home/sam/tut/MIND6003/install/office_robot_pkg/lib/python3.10/site-packages/office_robot_pkg/settings.py
/home/sam/tut/MIND6003/install/office_robot_pkg/lib/python3.10/site-packages/office_robot_pkg/error_calculator.py
/home/sam/tut/MIND6003/install/office_robot_pkg/lib/python3.10/site-packages/office_robot_pkg/saver.py
/home/sam/tut/MIND6003/install/office_robot_pkg/lib/python3.10/site-packages/office_robot_pkg/det_diff.py
/home/sam/tut/MIND6003/install/office_robot_pkg/lib/python3.10/site-packages/office_robot_pkg/filter_pc.py
/home/sam/tut/MIND6003/install/office_robot_pkg/lib/python3.10/site-packages/office_robot_pkg/__init__.py
/home/sam/tut/MIND6003/install/office_robot_pkg/lib/python3.10/site-packages/office_robot_pkg/stop_video.py
/home/sam/tut/MIND6003/install/office_robot_pkg/lib/python3.10/site-packages/office_robot_pkg/relocal.py
/home/sam/tut/MIND6003/install/office_robot_pkg/lib/python3.10/site-packages/office_robot_pkg/spawn_demo.py
/home/sam/tut/MIND6003/install/office_robot_pkg/lib/python3.10/site-packages/office_robot_pkg/robot_controller.py
/home/sam/tut/MIND6003/install/office_robot_pkg/lib/python3.10/site-packages/office_robot_pkg/video_capture.py
/home/sam/tut/MIND6003/install/office_robot_pkg/lib/python3.10/site-packages/office_robot_pkg/video.py
/home/sam/tut/MIND6003/install/office_robot_pkg/lib/python3.10/site-packages/office_robot_pkg/point_cloud_processor.py
/home/sam/tut/MIND6003/install/office_robot_pkg/lib/python3.10/site-packages/office_robot_pkg/__pycache__/updating_map.cpython-310.pyc
/home/sam/tut/MIND6003/install/office_robot_pkg/lib/python3.10/site-packages/office_robot_pkg/__pycache__/settings.cpython-310.pyc
/home/sam/tut/MIND6003/install/office_robot_pkg/lib/python3.10/site-packages/office_robot_pkg/__pycache__/error_calculator.cpython-310.pyc
/home/sam/tut/MIND6003/install/office_robot_pkg/lib/python3.10/site-packages/office_robot_pkg/__pycache__/saver.cpython-310.pyc
/home/sam/tut/MIND6003/install/office_robot_pkg/lib/python3.10/site-packages/office_robot_pkg/__pycache__/det_diff.cpython-310.pyc
/home/sam/tut/MIND6003/install/office_robot_pkg/lib/python3.10/site-packages/office_robot_pkg/__pycache__/filter_pc.cpython-310.pyc
/home/sam/tut/MIND6003/install/office_robot_pkg/lib/python3.10/site-packages/office_robot_pkg/__pycache__/__init__.cpython-310.pyc
/home/sam/tut/MIND6003/install/office_robot_pkg/lib/python3.10/site-packages/office_robot_pkg/__pycache__/stop_video.cpython-310.pyc
/home/sam/tut/MIND6003/install/office_robot_pkg/lib/python3.10/site-packages/office_robot_pkg/__pycache__/relocal.cpython-310.pyc
/home/sam/tut/MIND6003/install/office_robot_pkg/lib/python3.10/site-packages/office_robot_pkg/__pycache__/spawn_demo.cpython-310.pyc
/home/sam/tut/MIND6003/install/office_robot_pkg/lib/python3.10/site-packages/office_robot_pkg/__pycache__/robot_controller.cpython-310.pyc
/home/sam/tut/MIND6003/install/office_robot_pkg/lib/python3.10/site-packages/office_robot_pkg/__pycache__/video_capture.cpython-310.pyc
/home/sam/tut/MIND6003/install/office_robot_pkg/lib/python3.10/site-packages/office_robot_pkg/__pycache__/video.cpython-310.pyc
/home/sam/tut/MIND6003/install/office_robot_pkg/lib/python3.10/site-packages/office_robot_pkg/__pycache__/point_cloud_processor.cpython-310.pyc
/home/sam/tut/MIND6003/install/office_robot_pkg/share/office_robot_pkg/launch/gazebo_world.launch.py
/home/sam/tut/MIND6003/install/office_robot_pkg/share/office_robot_pkg/worlds/animated_box.txt
/home/sam/tut/MIND6003/install/office_robot_pkg/share/office_robot_pkg/worlds/office.world
/home/sam/tut/MIND6003/install/office_robot_pkg/share/office_robot_pkg/models/new_robot/model.sdf
/home/sam/tut/MIND6003/install/office_robot_pkg/share/office_robot_pkg/models/new_robot/model.config
/home/sam/tut/MIND6003/install/office_robot_pkg/share/office_robot_pkg/models/animated_box.txt
/home/sam/tut/MIND6003/install/office_robot_pkg/share/office_robot_pkg/models/office.world
/home/sam/tut/MIND6003/install/office_robot_pkg/share/office_robot_pkg/point_cloud/original_pcds/map.pcd
/home/sam/tut/MIND6003/install/office_robot_pkg/lib/python3.10/site-packages/office_robot_pkg-0.0.0-py3.10.egg-info/requires.txt
/home/sam/tut/MIND6003/install/office_robot_pkg/lib/python3.10/site-packages/office_robot_pkg-0.0.0-py3.10.egg-info/PKG-INFO
/home/sam/tut/MIND6003/install/office_robot_pkg/lib/python3.10/site-packages/office_robot_pkg-0.0.0-py3.10.egg-info/zip-safe
/home/sam/tut/MIND6003/install/office_robot_pkg/lib/python3.10/site-packages/office_robot_pkg-0.0.0-py3.10.egg-info/SOURCES.txt
/home/sam/tut/MIND6003/install/office_robot_pkg/lib/python3.10/site-packages/office_robot_pkg-0.0.0-py3.10.egg-info/dependency_links.txt
/home/sam/tut/MIND6003/install/office_robot_pkg/lib/python3.10/site-packages/office_robot_pkg-0.0.0-py3.10.egg-info/top_level.txt
/home/sam/tut/MIND6003/install/office_robot_pkg/lib/python3.10/site-packages/office_robot_pkg-0.0.0-py3.10.egg-info/entry_points.txt
/home/sam/tut/MIND6003/install/office_robot_pkg/lib/office_robot_pkg/det_diff
/home/sam/tut/MIND6003/install/office_robot_pkg/lib/office_robot_pkg/error_calculator
/home/sam/tut/MIND6003/install/office_robot_pkg/lib/office_robot_pkg/filter_pc
/home/sam/tut/MIND6003/install/office_robot_pkg/lib/office_robot_pkg/map_updater
/home/sam/tut/MIND6003/install/office_robot_pkg/lib/office_robot_pkg/point_cloud_processor
/home/sam/tut/MIND6003/install/office_robot_pkg/lib/office_robot_pkg/relocal
/home/sam/tut/MIND6003/install/office_robot_pkg/lib/office_robot_pkg/robot_controller
/home/sam/tut/MIND6003/install/office_robot_pkg/lib/office_robot_pkg/saver
/home/sam/tut/MIND6003/install/office_robot_pkg/lib/office_robot_pkg/settings
/home/sam/tut/MIND6003/install/office_robot_pkg/lib/office_robot_pkg/spawn_demo
/home/sam/tut/MIND6003/install/office_robot_pkg/lib/office_robot_pkg/video_capture
